Change component parameters: Designator = "RPI1"; Footprint = "rpi"; UniqueID = "\NVOIFUQS"
Change component parameters. Clean all parameters for all variants
Change component parameters (AddParameter): Name = "Accessory Type"; Value = "Connector"; VariantName = "[No Variations]"
Change component parameters (AddParameter): Name = "Category"; Value = "Development Boards, Kits, Programmers"; VariantName = "[No Variations]"
Change component parameters (AddParameter): Name = "ComponentLink1Description"; Value = "https://cdn.sparkfun.com/datasheets/Dev/RaspberryPi/12313.pdf"; VariantName = "[No Variations]"
Change component parameters (AddParameter): Name = "ComponentLink1URL"; Value = "https://cdn.sparkfun.com/datasheets/Dev/RaspberryPi/12313.pdf"; VariantName = "[No Variations]"
Change component parameters (AddParameter): Name = "For Use With/Related Products"; Value = "Raspberry Pi"; VariantName = "[No Variations]"
Change component parameters (AddParameter): Name = "Manufacturer"; Value = "SparkFun Electronics"; VariantName = "[No Variations]"
Change component parameters (AddParameter): Name = "Manufacturer Part Number"; Value = "PRT-14017"; VariantName = "[No Variations]"
Change component parameters (AddParameter): Name = "Nils Minor"; Value = "author"; VariantName = "[No Variations]"
Change component parameters (AddParameter): Name = "nilsminor@web.de"; Value = "mail"; VariantName = "[No Variations]"
Change component parameters (AddParameter): Name = "Part Status"; Value = "Active"; VariantName = "[No Variations]"
Change component parameters (AddParameter): Name = "Pricing 1"; Value = "1=1.84 (EUR)"; VariantName = "[No Variations]"
Change component parameters (AddParameter): Name = "RoHS"; Value = "RoHS Compliant"; VariantName = "[No Variations]"
Change component parameters (AddParameter): Name = "Stock 1"; Value = "150"; VariantName = "[No Variations]"
Change component parameters (AddParameter): Name = "Supplier 1"; Value = "Digi-Key"; VariantName = "[No Variations]"
Change component parameters (AddParameter): Name = "Supplier Part Number 1"; Value = "1568-1462-ND"; VariantName = "[No Variations]"
Added Component: Designator=F1(0603)
Add component. Clean all parameters for all variants
Add component (AddParameter): Name = "ComponentLink1Description"; Value = "digikey"; VariantName = "[No Variations]"
Add component (AddParameter): Name = "ComponentLink1URL"; Value = "https://www.digikey.ca/product-detail/en/bel-fuse-inc/0686F2500-01/507-2151-1-ND/7427703"; VariantName = "[No Variations]"
Add component (AddParameter): Name = "LatestRevisionDate"; Value = "17-Jul-2002"; VariantName = "[No Variations]"
Add component (AddParameter): Name = "LatestRevisionNote"; Value = "Re-released for DXP Platform."; VariantName = "[No Variations]"
Add component (AddParameter): Name = "PackageDescription"; Value = "Thru-Hole; 2 Leads"; VariantName = "[No Variations]"
Add component (AddParameter): Name = "PackageReference"; Value = "PIN-W2/E2.8"; VariantName = "[No Variations]"
Add component (AddParameter): Name = "Published"; Value = "8-Jun-2000"; VariantName = "[No Variations]"
Add component (AddParameter): Name = "Publisher"; Value = "Altium Limited"; VariantName = "[No Variations]"
Added Component: Designator=J1(*TE_1-776280-1)
Add component. Clean all parameters for all variants
Add component (AddParameter): Name = "Digi-Key_Part_Number"; Value = "1734-1-776280-1-ND"; VariantName = "[No Variations]"
Add component (AddParameter): Name = "Digi-Key_Purchase_URL"; Value = "https://www.digikey.com/product-detail/en/te-connectivity-deutsch-connectors/1-776280-1/1734-1-776280-1-ND/5428578?utm_source=snapeda&utm_medium=aggregator&utm_campaign=symbol"; VariantName = "[No Variations]"
Add component (AddParameter): Name = "EU_RoHS_Compliance"; Value = "Compliant"; VariantName = "[No Variations]"
Add component (AddParameter): Name = "MF"; Value = "TE Connectivity"; VariantName = "[No Variations]"
Add component (AddParameter): Name = "MP"; Value = "1-776280-1"; VariantName = "[No Variations]"
Add component (AddParameter): Name = "Package"; Value = "None"; VariantName = "[No Variations]"
Add component (AddParameter): Name = "SnapEDA_Link"; Value = "https://www.snapeda.com/parts/1-776280-1/TE%20Connectivity%20AMP%20Connectors/view-part/1263371/?ref=snap"; VariantName = "[No Variations]"
Add component (AddParameter): Name = "TE_purchase_URL"; Value = "https://www.te.com/usa-en/product-1-776280-1.html?te_bu=Cor&te_type=disp&te_campaign=seda_glo_cor-seda-global-disp-prtnr-fy19-seda-model-bom-cta_sma-317_1&elqCampaignId=32493"; VariantName = "[No Variations]"
Add component (AddParameter): Name = "Value"; Value = ""; VariantName = "[No Variations]"
Added Component: Designator=VR1(TO-220AB)
Add component. Clean all parameters for all variants
Add component (AddParameter): Name = "LatestRevisionDate"; Value = "29-May-2009"; VariantName = "[No Variations]"
Add component (AddParameter): Name = "LatestRevisionNote"; Value = "IPC-7351 Footprint Added."; VariantName = "[No Variations]"
Add component (AddParameter): Name = "PackageDescription"; Value = "3-Pin Transistor Outline Package 2.54 mm Pitch, 15.1 mm Lead Span"; VariantName = "[No Variations]"
Add component (AddParameter): Name = "PackageReference"; Value = "D2PAK"; VariantName = "[No Variations]"
Add component (AddParameter): Name = "Published"; Value = "24-Mar-1999"; VariantName = "[No Variations]"
Add component (AddParameter): Name = "Publisher"; Value = "Altium Limited"; VariantName = "[No Variations]"
Add component (AddParameter): Name = "Supplier 1"; Value = "Digi-Key"; VariantName = "[No Variations]"
Add component (AddParameter): Name = "Supplier Part Number 1"; Value = "296-14324-5-ND"; VariantName = "[No Variations]"
Added Pin To Net: NetName=+5V Pin=F1-2
Added Pin To Net: NetName=GND Pin=J1-8
Added Pin To Net: NetName=+3V3 Pin=RPI1-1
Added Pin To Net: NetName=+5V Pin=RPI1-2
Added Pin To Net: NetName=NetRPI1_3 Pin=RPI1-3
Added Pin To Net: NetName=+5V Pin=RPI1-4
Added Pin To Net: NetName=NetRPI1_5 Pin=RPI1-5
Added Pin To Net: NetName=GND Pin=RPI1-6
Added Pin To Net: NetName=NetRPI1_7 Pin=RPI1-7
Added Pin To Net: NetName=NetRPI1_8 Pin=RPI1-8
Added Pin To Net: NetName=GND Pin=RPI1-9
Added Pin To Net: NetName=NetRPI1_10 Pin=RPI1-10
Added Pin To Net: NetName=NetRPI1_11 Pin=RPI1-11
Added Pin To Net: NetName=NetRPI1_13 Pin=RPI1-13
Added Pin To Net: NetName=GND Pin=RPI1-14
Added Pin To Net: NetName=NetRPI1_15 Pin=RPI1-15
Added Pin To Net: NetName=NetRPI1_16 Pin=RPI1-16
Added Pin To Net: NetName=+3V3 Pin=RPI1-17
Added Pin To Net: NetName=NetRPI1_18 Pin=RPI1-18
Added Pin To Net: NetName=NetRPI1_19 Pin=RPI1-19
Added Pin To Net: NetName=GND Pin=RPI1-20
Added Pin To Net: NetName=NetRPI1_21 Pin=RPI1-21
Added Pin To Net: NetName=NetRPI1_22 Pin=RPI1-22
Added Pin To Net: NetName=NetRPI1_23 Pin=RPI1-23
Added Pin To Net: NetName=NetRPI1_24 Pin=RPI1-24
Added Pin To Net: NetName=GND Pin=RPI1-25
Added Pin To Net: NetName=NetRPI1_26 Pin=RPI1-26
Added Pin To Net: NetName=NetRPI1_29 Pin=RPI1-29
Added Pin To Net: NetName=GND Pin=RPI1-30
Added Pin To Net: NetName=NetRPI1_31 Pin=RPI1-31
Added Pin To Net: NetName=NetRPI1_32 Pin=RPI1-32
Added Pin To Net: NetName=NetRPI1_33 Pin=RPI1-33
Added Pin To Net: NetName=GND Pin=RPI1-34
Added Pin To Net: NetName=NetRPI1_35 Pin=RPI1-35
Added Pin To Net: NetName=NetRPI1_36 Pin=RPI1-36
Added Pin To Net: NetName=NetRPI1_37 Pin=RPI1-37
Added Pin To Net: NetName=NetRPI1_38 Pin=RPI1-38
Added Pin To Net: NetName=GND Pin=RPI1-39
Added Pin To Net: NetName=NetRPI1_40 Pin=RPI1-40
Added Pin To Net: NetName=GND Pin=VR1-2
Added Pin To Net: NetName=+12V Pin=J1-1
Added Pin To Net: NetName=+12V Pin=VR1-1
Added Net: Name=+12V
Added Pin To Net: NetName=CANH Pin=J1-3
Added Net: Name=CANH
Added Pin To Net: NetName=CANL Pin=J1-5
Added Net: Name=CANL
Added Net: Name=D2/INTCAN
Added Net: Name=D9/CS
Added Net: Name=D11/MOSI
Added Net: Name=D12/MISO
Added Net: Name=D13/SCK
Added Net: Name=NetD1_2
Added Net: Name=NetD2_1
Added Net: Name=NetD2_2
Added Net: Name=NetD3_1
Added Net: Name=NetD3_2
Added Pin To Net: NetName=NetF1_1 Pin=F1-1
Added Pin To Net: NetName=NetF1_1 Pin=VR1-3
Added Net: Name=NetF1_1
Added Net: Name=NetR4_2
Added Net: Name=NetR6_1
Added Pin To Net: NetName=NetRPI1_12 Pin=RPI1-12
Added Net: Name=NetRPI1_12
Added Net: Name=NetU?_7
Added Net: Name=NetU?_8
Change Class Name : Old Net Name=RPI 3 New Net Name=Telemetry Hat
Added Member To Class: ClassName=Telemetry Hat Member=Component F1   507-2151-1-ND 
Added Member To Class: ClassName=Telemetry Hat Member=Component J1 1-776280-1
Added Member To Class: ClassName=Telemetry Hat Member=Component RPI1 RPI GPIO Connector
Added Member To Class: ClassName=Telemetry Hat Member=Component VR1 Volt Reg
Added Room: Name=Telemetry Hat
