Removed Pin From Net: NetName=NetRPI1_3 Pin=RPI1-3
Removed Pin From Net: NetName=NetRPI1_7 Pin=RPI1-7
Added Component: Designator=OLED(OLED)
Add component. Clean all parameters for all variants
Added Pin To Net: NetName=NetRPI1_7 Pin=OLED-1
Added Pin To Net: NetName=NetRPI1_5 Pin=OLED-2
Added Pin To Net: NetName=NetRPI1_3 Pin=OLED-3
Added Pin To Net: NetName=GND Pin=OLED-4
Added Pin To Net: NetName=+3V3 Pin=OLED-5
Added Pin To Net: NetName=GND Pin=OLED-7
Added Pin To Net: NetName=GND Pin=OLED-8
Added Pin To Net: NetName=GND Pin=OLED-9
Added Pin To Net: NetName=GND Pin=OLED-10
Added Pin To Net: NetName=NetRPI1_7 Pin=RPI1-3
Added Pin To Net: NetName=NetRPI1_3 Pin=RPI1-7
Change Net Name : Old Net Name=NetRPI1_3 New Net Name=NetOLED_3
Change Net Name : Old Net Name=NetRPI1_5 New Net Name=NetOLED_2
Change Net Name : Old Net Name=NetRPI1_7 New Net Name=NetOLED_1
Added Member To Class: ClassName=Telemetry Hat Member=Component OLED OLED 931
Added Room: Name=Telemetry Hat
